<?xml version="1.0" encoding="UTF-8"?>
<testng-results ignored="0" total="1" passed="1" failed="0" skipped="0">
  <reporter-output>
  </reporter-output>
  <suite started-at="2023-02-03T05:51:11 CST" name="Default suite" finished-at="2023-02-03T05:52:00 CST" duration-ms="49783">
    <groups>
    </groups>
    <test started-at="2023-02-03T05:51:11 CST" name="Default test" finished-at="2023-02-03T05:52:00 CST" duration-ms="49783">
      <class name="com.qa.websturantstore.testCases.TC_VerifyAllProductsTitle">
        <test-method is-config="true" signature="setup()[pri:0, instance:com.qa.websturantstore.testCases.TC_VerifyAllProductsTitle@183ec003]" started-at="2023-02-03T05:51:11 CST" name="setup" finished-at="2023-02-03T05:51:16 CST" duration-ms="5812" status="PASS">
          <reporter-output>
          </reporter-output>
        </test-method> <!-- setup -->
        <test-method signature="VerifyAllProducts()[pri:0, instance:com.qa.websturantstore.testCases.TC_VerifyAllProductsTitle@183ec003]" started-at="2023-02-03T05:51:16 CST" name="VerifyAllProducts" finished-at="2023-02-03T05:52:00 CST" duration-ms="43736" status="PASS">
          <reporter-output>
          </reporter-output>
        </test-method> <!-- VerifyAllProducts -->
        <test-method is-config="true" signature="tearDown()[pri:0, instance:com.qa.websturantstore.testCases.TC_VerifyAllProductsTitle@183ec003]" started-at="2023-02-03T05:52:00 CST" name="tearDown" finished-at="2023-02-03T05:52:00 CST" duration-ms="179" status="PASS">
          <reporter-output>
          </reporter-output>
        </test-method> <!-- tearDown -->
      </class> <!-- com.qa.websturantstore.testCases.TC_VerifyAllProductsTitle -->
    </test> <!-- Default test -->
  </suite> <!-- Default suite -->
</testng-results>
